<?xml version="1.0" encoding="UTF-8"?>
<testsuite xmlns:xsi="http://www.w3.org/2001/XMLSchema-instance" xsi:noNamespaceSchemaLocation="https://maven.apache.org/surefire/maven-surefire-plugin/xsd/surefire-test-report-3.0.xsd" version="3.0" name="TestSuite" time="25.531" tests="1" errors="0" skipped="0" failures="0">
  <properties>
[...]
</properties>
  <testcase name="runScenario[&quot;Login to the application with the valid credentials&quot;, &quot;Login to the application&quot;](1)" classname="cucumberOptions.TestNgTestRunner" time="22.223">
    <system-err><![CDATA[SLF4J: Failed to load class "org.slf4j.impl.StaticLoggerBinder".
SLF4J: Defaulting to no-operation (NOP) logger implementation
SLF4J: See http://www.slf4j.org/codes.html#StaticLoggerBinder for further details.
Starting ChromeDriver 102.0.5005.61 (0e59bcc00cc4985ce39ad31c150065f159d95ad3-refs/branch-heads/5005@{#819}) on port 49957
Only local connections are allowed.
Please see https://chromedriver.chromium.org/security-considerations for suggestions on keeping ChromeDriver safe.
ChromeDriver was started successfully.
Jun 17, 2022 10:16:35 AM org.openqa.selenium.remote.ProtocolHandshake createSession
INFO: Detected upstream dialect: W3C
Jun 17, 2022 10:16:35 AM org.openqa.selenium.W3CCapabilityKeysValidator validateCapability
WARNING: Support for Legacy Capabilities is deprecated; You are sending "chrome" which is an invalid capability. Please update to W3C Syntax: https://www.selenium.dev/blog/2022/legacy-protocol-support/
Jun 17, 2022 10:16:35 AM org.openqa.selenium.W3CCapabilityKeysValidator validateCapability
WARNING: Support for Legacy Capabilities is deprecated; You are sending "chrome" which is an invalid capability. Please update to W3C Syntax: https://www.selenium.dev/blog/2022/legacy-protocol-support/
Jun 17, 2022 10:16:35 AM org.openqa.selenium.W3CCapabilityKeysValidator validateCapability
WARNING: Support for Legacy Capabilities is deprecated; You are sending "networkConnectionEnabled" which is an invalid capability. Please update to W3C Syntax: https://www.selenium.dev/blog/2022/legacy-protocol-support/
Jun 17, 2022 10:16:35 AM org.openqa.selenium.W3CCapabilityKeysValidator validateCapability
WARNING: Support for Legacy Capabilities is deprecated; You are sending "networkConnectionEnabled" which is an invalid capability. Please update to W3C Syntax: https://www.selenium.dev/blog/2022/legacy-protocol-support/
Jun 17, 2022 10:16:35 AM org.openqa.selenium.W3CCapabilityKeysValidator validateCapability
WARNING: Support for Legacy Capabilities is deprecated; You are sending "platform" which is an invalid capability. Please update to W3C Syntax: https://www.selenium.dev/blog/2022/legacy-protocol-support/
Jun 17, 2022 10:16:35 AM org.openqa.selenium.W3CCapabilityKeysValidator validateCapability
WARNING: Support for Legacy Capabilities is deprecated; You are sending "platform" which is an invalid capability. Please update to W3C Syntax: https://www.selenium.dev/blog/2022/legacy-protocol-support/
Jun 17, 2022 10:16:35 AM org.openqa.selenium.W3CCapabilityKeysValidator validateCapability
WARNING: Support for Legacy Capabilities is deprecated; You are sending "javascriptEnabled" which is an invalid capability. Please update to W3C Syntax: https://www.selenium.dev/blog/2022/legacy-protocol-support/
Jun 17, 2022 10:16:35 AM org.openqa.selenium.W3CCapabilityKeysValidator validateCapability
WARNING: Support for Legacy Capabilities is deprecated; You are sending "javascriptEnabled" which is an invalid capability. Please update to W3C Syntax: https://www.selenium.dev/blog/2022/legacy-protocol-support/
Jun 17, 2022 10:16:36 AM org.openqa.selenium.devtools.CdpVersionFinder findNearestMatch
INFO: Found exact CDP implementation for version 102
Jun 17, 2022 10:16:36 AM org.openqa.selenium.W3CCapabilityKeysValidator validateCapability
WARNING: Support for Legacy Capabilities is deprecated; You are sending "chrome" which is an invalid capability. Please update to W3C Syntax: https://www.selenium.dev/blog/2022/legacy-protocol-support/
Jun 17, 2022 10:16:36 AM org.openqa.selenium.W3CCapabilityKeysValidator validateCapability
WARNING: Support for Legacy Capabilities is deprecated; You are sending "javascriptEnabled" which is an invalid capability. Please update to W3C Syntax: https://www.selenium.dev/blog/2022/legacy-protocol-support/
Jun 17, 2022 10:16:36 AM org.openqa.selenium.W3CCapabilityKeysValidator validateCapability
WARNING: Support for Legacy Capabilities is deprecated; You are sending "networkConnectionEnabled" which is an invalid capability. Please update to W3C Syntax: https://www.selenium.dev/blog/2022/legacy-protocol-support/
Jun 17, 2022 10:16:36 AM org.openqa.selenium.W3CCapabilityKeysValidator validateCapability
WARNING: Support for Legacy Capabilities is deprecated; You are sending "platform" which is an invalid capability. Please update to W3C Syntax: https://www.selenium.dev/blog/2022/legacy-protocol-support/
Jun 17, 2022 10:16:36 AM org.openqa.selenium.W3CCapabilityKeysValidator validateCapability
WARNING: Support for Legacy Capabilities is deprecated; You are sending "networkConnectionEnabled" which is an invalid capability. Please update to W3C Syntax: https://www.selenium.dev/blog/2022/legacy-protocol-support/
Jun 17, 2022 10:16:36 AM org.openqa.selenium.W3CCapabilityKeysValidator validateCapability
WARNING: Support for Legacy Capabilities is deprecated; You are sending "chrome" which is an invalid capability. Please update to W3C Syntax: https://www.selenium.dev/blog/2022/legacy-protocol-support/
Jun 17, 2022 10:16:36 AM org.openqa.selenium.W3CCapabilityKeysValidator validateCapability
WARNING: Support for Legacy Capabilities is deprecated; You are sending "platform" which is an invalid capability. Please update to W3C Syntax: https://www.selenium.dev/blog/2022/legacy-protocol-support/
Jun 17, 2022 10:16:36 AM org.openqa.selenium.W3CCapabilityKeysValidator validateCapability
WARNING: Support for Legacy Capabilities is deprecated; You are sending "javascriptEnabled" which is an invalid capability. Please update to W3C Syntax: https://www.selenium.dev/blog/2022/legacy-protocol-support/
Jun 17, 2022 10:16:36 AM org.openqa.selenium.W3CCapabilityKeysValidator validateCapability
WARNING: Support for Legacy Capabilities is deprecated; You are sending "networkConnectionEnabled" which is an invalid capability. Please update to W3C Syntax: https://www.selenium.dev/blog/2022/legacy-protocol-support/
Jun 17, 2022 10:16:36 AM org.openqa.selenium.W3CCapabilityKeysValidator validateCapability
WARNING: Support for Legacy Capabilities is deprecated; You are sending "chrome" which is an invalid capability. Please update to W3C Syntax: https://www.selenium.dev/blog/2022/legacy-protocol-support/
Jun 17, 2022 10:16:36 AM org.openqa.selenium.W3CCapabilityKeysValidator validateCapability
WARNING: Support for Legacy Capabilities is deprecated; You are sending "platform" which is an invalid capability. Please update to W3C Syntax: https://www.selenium.dev/blog/2022/legacy-protocol-support/
Jun 17, 2022 10:16:36 AM org.openqa.selenium.W3CCapabilityKeysValidator validateCapability
WARNING: Support for Legacy Capabilities is deprecated; You are sending "javascriptEnabled" which is an invalid capability. Please update to W3C Syntax: https://www.selenium.dev/blog/2022/legacy-protocol-support/
Jun 17, 2022 10:16:36 AM org.openqa.selenium.W3CCapabilityKeysValidator validateCapability
WARNING: Support for Legacy Capabilities is deprecated; You are sending "networkConnectionEnabled" which is an invalid capability. Please update to W3C Syntax: https://www.selenium.dev/blog/2022/legacy-protocol-support/
Jun 17, 2022 10:16:36 AM org.openqa.selenium.W3CCapabilityKeysValidator validateCapability
WARNING: Support for Legacy Capabilities is deprecated; You are sending "chrome" which is an invalid capability. Please update to W3C Syntax: https://www.selenium.dev/blog/2022/legacy-protocol-support/
Jun 17, 2022 10:16:36 AM org.openqa.selenium.W3CCapabilityKeysValidator validateCapability
WARNING: Support for Legacy Capabilities is deprecated; You are sending "platform" which is an invalid capability. Please update to W3C Syntax: https://www.selenium.dev/blog/2022/legacy-protocol-support/
Jun 17, 2022 10:16:36 AM org.openqa.selenium.W3CCapabilityKeysValidator validateCapability
WARNING: Support for Legacy Capabilities is deprecated; You are sending "javascriptEnabled" which is an invalid capability. Please update to W3C Syntax: https://www.selenium.dev/blog/2022/legacy-protocol-support/
Jun 17, 2022 10:16:36 AM org.openqa.selenium.W3CCapabilityKeysValidator validateCapability
WARNING: Support for Legacy Capabilities is deprecated; You are sending "chrome" which is an invalid capability. Please update to W3C Syntax: https://www.selenium.dev/blog/2022/legacy-protocol-support/
Jun 17, 2022 10:16:36 AM org.openqa.selenium.W3CCapabilityKeysValidator validateCapability
WARNING: Support for Legacy Capabilities is deprecated; You are sending "javascriptEnabled" which is an invalid capability. Please update to W3C Syntax: https://www.selenium.dev/blog/2022/legacy-protocol-support/
Jun 17, 2022 10:16:36 AM org.openqa.selenium.W3CCapabilityKeysValidator validateCapability
WARNING: Support for Legacy Capabilities is deprecated; You are sending "networkConnectionEnabled" which is an invalid capability. Please update to W3C Syntax: https://www.selenium.dev/blog/2022/legacy-protocol-support/
Jun 17, 2022 10:16:36 AM org.openqa.selenium.W3CCapabilityKeysValidator validateCapability
WARNING: Support for Legacy Capabilities is deprecated; You are sending "platform" which is an invalid capability. Please update to W3C Syntax: https://www.selenium.dev/blog/2022/legacy-protocol-support/
]]></system-err>
  </testcase>
</testsuite>