<?xml version="1.0" encoding="UTF-8"?>
<testng-results skipped="0" failed="0" ignored="0" total="1" passed="1">
  <reporter-output>
  </reporter-output>
  <suite name="Surefire suite" duration-ms="23984" started-at="2022-06-17T10:16:27 IST" finished-at="2022-06-17T10:16:51 IST">
    <groups>
      <group name="cucumber">
        <method signature="AbstractTestNGCucumberTests.runScenario(io.cucumber.testng.PickleWrapper,io.cucumber.testng.FeatureWrapper)[pri:0, instance:cucumberOptions.TestNgTestRunner@3ecd23d9]" name="runScenario" class="io.cucumber.testng.AbstractTestNGCucumberTests"/>
      </group> <!-- cucumber -->
    </groups>
    <test name="Surefire test" duration-ms="23984" started-at="2022-06-17T10:16:27 IST" finished-at="2022-06-17T10:16:51 IST">
      <class name="cucumberOptions.TestNgTestRunner">
        <test-method status="PASS" signature="setUpClass(org.testng.ITestContext)[pri:0, instance:cucumberOptions.TestNgTestRunner@3ecd23d9]" name="setUpClass" is-config="true" duration-ms="1428" started-at="2022-06-17T10:16:27 IST" finished-at="2022-06-17T10:16:28 IST">
          <params>
            <param index="0">
              <value>
                <![CDATA[org.testng.TestRunner@57b75756]]>
              </value>
            </param>
          </params>
          <reporter-output>
          </reporter-output>
        </test-method> <!-- setUpClass -->
        <test-method status="PASS" signature="runScenario(io.cucumber.testng.PickleWrapper,io.cucumber.testng.FeatureWrapper)[pri:0, instance:cucumberOptions.TestNgTestRunner@3ecd23d9]" name="runScenario" duration-ms="22131" started-at="2022-06-17T10:16:28 IST" description="Runs Cucumber Scenarios" data-provider="scenarios" finished-at="2022-06-17T10:16:51 IST">
          <params>
            <param index="0">
              <value>
                <![CDATA["Login to the application with the valid credentials"]]>
              </value>
            </param>
            <param index="1">
              <value>
                <![CDATA["Login to the application"]]>
              </value>
            </param>
          </params>
          <reporter-output>
          </reporter-output>
        </test-method> <!-- runScenario -->
        <test-method status="PASS" signature="tearDownClass()[pri:0, instance:cucumberOptions.TestNgTestRunner@3ecd23d9]" name="tearDownClass" is-config="true" duration-ms="260" started-at="2022-06-17T10:16:51 IST" finished-at="2022-06-17T10:16:51 IST">
          <reporter-output>
          </reporter-output>
        </test-method> <!-- tearDownClass -->
      </class> <!-- cucumberOptions.TestNgTestRunner -->
    </test> <!-- Surefire test -->
  </suite> <!-- Surefire suite -->
</testng-results>
