<?xml version="1.0" encoding="UTF-8"?>
<!-- Generated by org.testng.reporters.JUnitXMLReporter -->
<testsuite ignored="0" hostname="DESKTOP-QL7K25G" failures="0" tests="2" name="Default test" time="36.543" errors="0" timestamp="2022-06-16T09:34:41 IST">
  <testcase classname="io.cucumber.testng.AbstractTestNGCucumberTests" name="runScenario" time="22.143"/>
  <testcase classname="io.cucumber.testng.AbstractTestNGCucumberTests" name="runScenario" time="12.788"/>
</testsuite> <!-- Default test -->
