<?xml version="1.0" encoding="UTF-8"?>
<testng-results ignored="0" total="2" passed="2" failed="0" skipped="0">
  <reporter-output>
  </reporter-output>
  <suite started-at="2022-06-13T10:55:57 IST" name="Default suite" finished-at="2022-06-13T10:57:18 IST" duration-ms="80795">
    <groups>
      <group name="cucumber">
        <method signature="AbstractTestNGCucumberTests.runScenario(io.cucumber.testng.PickleWrapper,io.cucumber.testng.FeatureWrapper)[pri:0, instance:cucumberOptions.TestNgTestRunner@1e0b4072]" name="runScenario" class="io.cucumber.testng.AbstractTestNGCucumberTests"/>
      </group> <!-- cucumber -->
    </groups>
    <test started-at="2022-06-13T10:55:57 IST" name="Default test" finished-at="2022-06-13T10:57:18 IST" duration-ms="80795">
      <class name="cucumberOptions.TestNgTestRunner">
        <test-method is-config="true" signature="setUpClass(org.testng.ITestContext)[pri:0, instance:cucumberOptions.TestNgTestRunner@1e0b4072]" started-at="2022-06-13T10:55:57 IST" name="setUpClass" finished-at="2022-06-13T10:55:58 IST" duration-ms="569" status="PASS">
          <params>
            <param index="0">
              <value>
                <![CDATA[org.testng.TestRunner@16a9eb2e]]>
              </value>
            </param>
          </params>
          <reporter-output>
          </reporter-output>
        </test-method> <!-- setUpClass -->
        <test-method signature="runScenario(io.cucumber.testng.PickleWrapper,io.cucumber.testng.FeatureWrapper)[pri:0, instance:cucumberOptions.TestNgTestRunner@1e0b4072]" started-at="2022-06-13T10:55:58 IST" name="runScenario" description="Runs Cucumber Scenarios" data-provider="scenarios" finished-at="2022-06-13T10:56:30 IST" duration-ms="31942" status="PASS">
          <params>
            <param index="0">
              <value>
                <![CDATA["Login to the application with the valid credentials"]]>
              </value>
            </param>
            <param index="1">
              <value>
                <![CDATA["Login to the application"]]>
              </value>
            </param>
          </params>
          <reporter-output>
          </reporter-output>
        </test-method> <!-- runScenario -->
        <test-method signature="runScenario(io.cucumber.testng.PickleWrapper,io.cucumber.testng.FeatureWrapper)[pri:0, instance:cucumberOptions.TestNgTestRunner@1e0b4072]" started-at="2022-06-13T10:56:30 IST" name="runScenario" description="Runs Cucumber Scenarios" data-provider="scenarios" finished-at="2022-06-13T10:57:18 IST" duration-ms="48169" status="PASS">
          <params>
            <param index="0">
              <value>
                <![CDATA["Title of your scenario"]]>
              </value>
            </param>
            <param index="1">
              <value>
                <![CDATA["Fill the practice form"]]>
              </value>
            </param>
          </params>
          <reporter-output>
          </reporter-output>
        </test-method> <!-- runScenario -->
        <test-method is-config="true" signature="tearDownClass()[pri:0, instance:cucumberOptions.TestNgTestRunner@1e0b4072]" started-at="2022-06-13T10:57:18 IST" name="tearDownClass" finished-at="2022-06-13T10:57:18 IST" duration-ms="22" status="PASS">
          <reporter-output>
          </reporter-output>
        </test-method> <!-- tearDownClass -->
      </class> <!-- cucumberOptions.TestNgTestRunner -->
    </test> <!-- Default test -->
  </suite> <!-- Default suite -->
</testng-results>
